CRITICAL - 2024-10-13 09:40:57 --> Error: Undefined constant "App\Controllers\email"
[Method: POST, Route: login]
in APPPATH\Controllers\UserController.php on line 27.
 1 SYSTEMPATH\CodeIgniter.php(933): App\Controllers\UserController->login()
 2 SYSTEMPATH\CodeIgniter.php(509): CodeIgniter\CodeIgniter->runController(Object(App\Controllers\UserController))
 3 SYSTEMPATH\CodeIgniter.php(355): CodeIgniter\CodeIgniter->handleRequest(null, Object(Config\Cache), false)
 4 SYSTEMPATH\Boot.php(325): CodeIgniter\CodeIgniter->run()
 5 SYSTEMPATH\Boot.php(67): CodeIgniter\Boot::runCodeIgniter(Object(CodeIgniter\CodeIgniter))
 6 FCPATH\index.php(56): CodeIgniter\Boot::bootWeb(Object(Config\Paths))
 7 SYSTEMPATH\rewrite.php(44): require_once('C:\\xampp\\htdocs\\api\\public\\index.php')
CRITICAL - 2024-10-13 09:43:14 --> Error: Call to undefined function App\Controllers\getJWT()
[Method: POST, Route: login]
in APPPATH\Controllers\UserController.php on line 31.
 1 SYSTEMPATH\CodeIgniter.php(933): App\Controllers\UserController->login()
 2 SYSTEMPATH\CodeIgniter.php(509): CodeIgniter\CodeIgniter->runController(Object(App\Controllers\UserController))
 3 SYSTEMPATH\CodeIgniter.php(355): CodeIgniter\CodeIgniter->handleRequest(null, Object(Config\Cache), false)
 4 SYSTEMPATH\Boot.php(325): CodeIgniter\CodeIgniter->run()
 5 SYSTEMPATH\Boot.php(67): CodeIgniter\Boot::runCodeIgniter(Object(CodeIgniter\CodeIgniter))
 6 FCPATH\index.php(56): CodeIgniter\Boot::bootWeb(Object(Config\Paths))
 7 SYSTEMPATH\rewrite.php(44): require_once('C:\\xampp\\htdocs\\api\\public\\index.php')
CRITICAL - 2024-10-13 09:44:53 --> Error: Call to undefined function App\Controllers\getJWT()
[Method: POST, Route: login]
in APPPATH\Controllers\UserController.php on line 34.
 1 SYSTEMPATH\CodeIgniter.php(933): App\Controllers\UserController->login()
 2 SYSTEMPATH\CodeIgniter.php(509): CodeIgniter\CodeIgniter->runController(Object(App\Controllers\UserController))
 3 SYSTEMPATH\CodeIgniter.php(355): CodeIgniter\CodeIgniter->handleRequest(null, Object(Config\Cache), false)
 4 SYSTEMPATH\Boot.php(325): CodeIgniter\CodeIgniter->run()
 5 SYSTEMPATH\Boot.php(67): CodeIgniter\Boot::runCodeIgniter(Object(CodeIgniter\CodeIgniter))
 6 FCPATH\index.php(56): CodeIgniter\Boot::bootWeb(Object(Config\Paths))
 7 SYSTEMPATH\rewrite.php(44): require_once('C:\\xampp\\htdocs\\api\\public\\index.php')
CRITICAL - 2024-10-13 09:45:59 --> Error: Call to undefined function App\Controllers\getJWT()
[Method: POST, Route: login]
in APPPATH\Controllers\UserController.php on line 34.
 1 SYSTEMPATH\CodeIgniter.php(933): App\Controllers\UserController->login()
 2 SYSTEMPATH\CodeIgniter.php(509): CodeIgniter\CodeIgniter->runController(Object(App\Controllers\UserController))
 3 SYSTEMPATH\CodeIgniter.php(355): CodeIgniter\CodeIgniter->handleRequest(null, Object(Config\Cache), false)
 4 SYSTEMPATH\Boot.php(325): CodeIgniter\CodeIgniter->run()
 5 SYSTEMPATH\Boot.php(67): CodeIgniter\Boot::runCodeIgniter(Object(CodeIgniter\CodeIgniter))
 6 FCPATH\index.php(56): CodeIgniter\Boot::bootWeb(Object(Config\Paths))
 7 SYSTEMPATH\rewrite.php(44): require_once('C:\\xampp\\htdocs\\api\\public\\index.php')
CRITICAL - 2024-10-13 09:49:38 --> Error: Call to undefined function App\Controllers\getJWT()
[Method: POST, Route: login]
in APPPATH\Controllers\UserController.php on line 34.
 1 SYSTEMPATH\CodeIgniter.php(933): App\Controllers\UserController->login()
 2 SYSTEMPATH\CodeIgniter.php(509): CodeIgniter\CodeIgniter->runController(Object(App\Controllers\UserController))
 3 SYSTEMPATH\CodeIgniter.php(355): CodeIgniter\CodeIgniter->handleRequest(null, Object(Config\Cache), false)
 4 SYSTEMPATH\Boot.php(325): CodeIgniter\CodeIgniter->run()
 5 SYSTEMPATH\Boot.php(67): CodeIgniter\Boot::runCodeIgniter(Object(CodeIgniter\CodeIgniter))
 6 FCPATH\index.php(56): CodeIgniter\Boot::bootWeb(Object(Config\Paths))
 7 SYSTEMPATH\rewrite.php(44): require_once('C:\\xampp\\htdocs\\api\\public\\index.php')
CRITICAL - 2024-10-13 09:51:24 --> Error: Call to undefined function App\Controllers\getJWT()
[Method: POST, Route: login]
in APPPATH\Controllers\UserController.php on line 32.
 1 SYSTEMPATH\CodeIgniter.php(933): App\Controllers\UserController->login()
 2 SYSTEMPATH\CodeIgniter.php(509): CodeIgniter\CodeIgniter->runController(Object(App\Controllers\UserController))
 3 SYSTEMPATH\CodeIgniter.php(355): CodeIgniter\CodeIgniter->handleRequest(null, Object(Config\Cache), false)
 4 SYSTEMPATH\Boot.php(325): CodeIgniter\CodeIgniter->run()
 5 SYSTEMPATH\Boot.php(67): CodeIgniter\Boot::runCodeIgniter(Object(CodeIgniter\CodeIgniter))
 6 FCPATH\index.php(56): CodeIgniter\Boot::bootWeb(Object(Config\Paths))
 7 SYSTEMPATH\rewrite.php(44): require_once('C:\\xampp\\htdocs\\api\\public\\index.php')
CRITICAL - 2024-10-13 09:53:26 --> ArgumentCountError: Too few arguments to function Firebase\JWT\JWT::encode(), 2 passed in C:\xampp\htdocs\api\app\Controllers\UserController.php on line 67 and at least 3 expected
[Method: POST, Route: login]
in VENDORPATH\firebase\php-jwt\src\JWT.php on line 199.
 1 APPPATH\Controllers\UserController.php(67): Firebase\JWT\JWT::encode([...], 'aaru')
 2 APPPATH\Controllers\UserController.php(33): App\Controllers\UserController->getJWT('testuser@example.com', 'user')
 3 SYSTEMPATH\CodeIgniter.php(933): App\Controllers\UserController->login()
 4 SYSTEMPATH\CodeIgniter.php(509): CodeIgniter\CodeIgniter->runController(Object(App\Controllers\UserController))
 5 SYSTEMPATH\CodeIgniter.php(355): CodeIgniter\CodeIgniter->handleRequest(null, Object(Config\Cache), false)
 6 SYSTEMPATH\Boot.php(325): CodeIgniter\CodeIgniter->run()
 7 SYSTEMPATH\Boot.php(67): CodeIgniter\Boot::runCodeIgniter(Object(CodeIgniter\CodeIgniter))
 8 FCPATH\index.php(56): CodeIgniter\Boot::bootWeb(Object(Config\Paths))
 9 SYSTEMPATH\rewrite.php(44): require_once('C:\\xampp\\htdocs\\api\\public\\index.php')
